Mar 16, 2025 6:48:29 PM liquibase.changelog
INFO: Reading resource: db/changelog/migrations/db.changelog-202503151940.sql
Mar 16, 2025 6:48:29 PM liquibase.changelog
INFO: Reading resource: db/changelog/migrations/db.changelog-202503161414.sql
Mar 16, 2025 6:48:29 PM liquibase.changelog
INFO: Reading resource: db/changelog/migrations/db.changelog-202503161418.sql
Mar 16, 2025 6:48:29 PM liquibase.changelog
INFO: Reading resource: db/changelog/migrations/db.changelog-202503161421.sql
Mar 16, 2025 6:48:29 PM liquibase.changelog
INFO: Reading resource: db/changelog/migrations/db.changelog-202503161657.sql
Mar 16, 2025 6:48:29 PM liquibase.changelog
INFO: Reading from board.databasechangelog
Database is up to date, no changesets to execute
Mar 16, 2025 6:48:29 PM liquibase.changelog
INFO: Reading from board.databasechangelog

UPDATE SUMMARY
Run:                          0
Previously run:               5
Filtered out:                 0
-------------------------------
Total change sets:            5

Mar 16, 2025 6:48:29 PM liquibase.util
INFO: UPDATE SUMMARY
Mar 16, 2025 6:48:29 PM liquibase.util
INFO: Run:                          0
Mar 16, 2025 6:48:29 PM liquibase.util
INFO: Previously run:               5
Mar 16, 2025 6:48:29 PM liquibase.util
INFO: Filtered out:                 0
Mar 16, 2025 6:48:29 PM liquibase.util
INFO: -------------------------------
Mar 16, 2025 6:48:29 PM liquibase.util
INFO: Total change sets:            5
Mar 16, 2025 6:48:29 PM liquibase.util
INFO: Update summary generated
Mar 16, 2025 6:48:29 PM liquibase.lockservice
INFO: Successfully released change log lock
Mar 16, 2025 6:48:29 PM liquibase.command
INFO: Command execution complete
